::1 - - [02/Dec/2022:10:12:48 +0000] "POST /api/v1/auths/signup HTTP/1.1" 404 114 "-" "PostmanRuntime/7.29.2"
::1 - - [02/Dec/2022:10:14:24 +0000] "POST /api/v1/auths/signup HTTP/1.1" 404 114 "-" "PostmanRuntime/7.29.2"
::1 - - [02/Dec/2022:10:15:26 +0000] "POST /api/v1/auths/signup HTTP/1.1" 404 114 "-" "PostmanRuntime/7.29.2"
::1 - - [02/Dec/2022:10:16:37 +0000] "POST /api/v1/auths/signup HTTP/1.1" 404 114 "-" "PostmanRuntime/7.29.2"
::1 - - [02/Dec/2022:10:18:23 +0000] "POST /api/v1/auths/signup HTTP/1.1" 404 114 "-" "PostmanRuntime/7.29.2"
::1 - - [02/Dec/2022:10:21:09 +0000] "POST /api/v1/auths/signup HTTP/1.1" 404 114 "-" "PostmanRuntime/7.29.2"
::1 - - [02/Dec/2022:10:22:00 +0000] "POST /api/v1/auths/signup HTTP/1.1" 404 114 "-" "PostmanRuntime/7.29.2"
::1 - - [02/Dec/2022:10:23:27 +0000] "POST /api/v1/auths/signup HTTP/1.1" 404 114 "-" "PostmanRuntime/7.29.2"
::1 - - [02/Dec/2022:10:24:21 +0000] "POST /api/v1/auths/signup HTTP/1.1" 404 114 "-" "PostmanRuntime/7.29.2"
::1 - - [02/Dec/2022:10:29:52 +0000] "POST /api/v1/auths/signup HTTP/1.1" 201 545 "-" "PostmanRuntime/7.29.2"
::1 - - [02/Dec/2022:16:27:15 +0000] "POST /api/v1/jobs/ HTTP/1.1" 201 244 "-" "PostmanRuntime/7.29.2"
::1 - - [05/Dec/2022:07:51:26 +0000] "POST /api/v1/jobs/ HTTP/1.1" 401 29 "-" "PostmanRuntime/7.29.2"
::1 - - [05/Dec/2022:07:56:36 +0000] "POST /api/v1/auths/signin HTTP/1.1" 200 83 "-" "PostmanRuntime/7.29.2"
::1 - - [05/Dec/2022:08:02:06 +0000] "POST /api/v1/auths/signup HTTP/1.1" 201 533 "-" "PostmanRuntime/7.29.2"
::1 - - [05/Dec/2022:08:08:44 +0000] "POST /api/v1/jobs/ HTTP/1.1" 201 250 "-" "PostmanRuntime/7.29.2"
::1 - - [05/Dec/2022:08:09:44 +0000] "POST /api/v1/jobs/ HTTP/1.1" 201 255 "-" "PostmanRuntime/7.29.2"
::1 - - [05/Dec/2022:08:37:10 +0000] "GET /api/v1/jobs HTTP/1.1" 200 608 "-" "PostmanRuntime/7.29.2"
::1 - - [05/Dec/2022:08:37:28 +0000] "GET /api/v1/jobs?location=Lagos HTTP/1.1" 200 227 "-" "PostmanRuntime/7.29.2"
::1 - - [05/Dec/2022:09:20:54 +0000] "GET /api/v1/jobs HTTP/1.1" 200 235 "-" "PostmanRuntime/7.29.2"
::1 - - [05/Dec/2022:09:41:32 +0000] "POST /api/v1/jobs HTTP/1.1" 400 205 "-" "PostmanRuntime/7.29.2"
::1 - - [05/Dec/2022:09:42:20 +0000] "POST /api/v1/user-job HTTP/1.1" 400 37 "-" "PostmanRuntime/7.29.2"
::1 - - [05/Dec/2022:09:44:29 +0000] "POST /api/v1/user-job HTTP/1.1" 404 155 "-" "PostmanRuntime/7.29.2"
::1 - - [05/Dec/2022:09:45:36 +0000] "POST /api/v1/user-job HTTP/1.1" 404 155 "-" "PostmanRuntime/7.29.2"
::1 - - [05/Dec/2022:09:48:33 +0000] "POST /api/v1/user-job HTTP/1.1" 404 155 "-" "PostmanRuntime/7.29.2"
::1 - - [05/Dec/2022:09:50:01 +0000] "POST /api/v1/user-job HTTP/1.1" 404 155 "-" "PostmanRuntime/7.29.2"
::1 - - [05/Dec/2022:09:59:53 +0000] "POST /api/v1/user-job HTTP/1.1" 404 155 "-" "PostmanRuntime/7.29.2"
::1 - - [05/Dec/2022:10:05:44 +0000] "POST /api/v1/user-job HTTP/1.1" 404 155 "-" "PostmanRuntime/7.29.2"
::1 - - [05/Dec/2022:10:15:27 +0000] "POST /api/v1/user-job HTTP/1.1" 404 155 "-" "PostmanRuntime/7.29.2"
::1 - - [05/Dec/2022:10:16:59 +0000] "POST /api/v1/user-job HTTP/1.1" 404 155 "-" "PostmanRuntime/7.29.2"
::1 - - [05/Dec/2022:10:19:33 +0000] "POST /api/v1/user-job HTTP/1.1" 404 155 "-" "PostmanRuntime/7.29.2"
::1 - - [05/Dec/2022:10:28:50 +0000] "POST /api/v1/user-job HTTP/1.1" 400 37 "-" "PostmanRuntime/7.29.2"
::1 - - [05/Dec/2022:10:30:06 +0000] "POST /api/v1/user-job HTTP/1.1" 400 37 "-" "PostmanRuntime/7.29.2"
::1 - - [05/Dec/2022:10:36:12 +0000] "POST /api/v1/user-job HTTP/1.1" 400 37 "-" "PostmanRuntime/7.29.2"
::1 - - [05/Dec/2022:10:44:34 +0000] "POST /api/v1/user-job HTTP/1.1" 400 37 "-" "PostmanRuntime/7.29.2"
::1 - - [05/Dec/2022:10:46:16 +0000] "POST /api/v1/user-job HTTP/1.1" 400 37 "-" "PostmanRuntime/7.29.2"
::1 - - [05/Dec/2022:10:54:07 +0000] "POST /api/v1/user-job HTTP/1.1" 201 295 "-" "PostmanRuntime/7.29.2"
::1 - - [05/Dec/2022:10:59:43 +0000] "POST /api/v1/user-job HTTP/1.1" 201 328 "-" "PostmanRuntime/7.29.2"
::1 - - [05/Dec/2022:11:03:43 +0000] "GET /api/v1/user-job HTTP/1.1" 200 343 "-" "PostmanRuntime/7.29.2"
::1 - - [05/Dec/2022:11:10:14 +0000] "PUT /api/v1/user-job/ HTTP/1.1" 404 155 "-" "PostmanRuntime/7.29.2"
::1 - - [05/Dec/2022:11:11:28 +0000] "PUT /api/v1/user-job/638dcf1f7a91eb9c59e2d070 HTTP/1.1" 404 179 "-" "PostmanRuntime/7.29.2"
::1 - - [05/Dec/2022:11:12:42 +0000] "PUT /api/v1/user-job/638dcf1f7a91eb9c59e2d070 HTTP/1.1" 404 179 "-" "PostmanRuntime/7.29.2"
::1 - - [05/Dec/2022:11:13:50 +0000] "PUT /api/v1/user-job/638dcf1f7a91eb9c59e2d070 HTTP/1.1" 404 179 "-" "PostmanRuntime/7.29.2"
::1 - - [05/Dec/2022:11:14:16 +0000] "PUT /api/v1/user-job/638dcf1f7a91eb9c59e2d070 HTTP/1.1" 200 331 "-" "PostmanRuntime/7.29.2"
::1 - - [06/Dec/2022:08:12:36 +0000] "GET /api/v1/jobs/recommend-jobs HTTP/1.1" 200 235 "-" "PostmanRuntime/7.29.2"
